Arguments: 
  C:\Program Files\nodejs\node.exe C:\Program Files\nodejs\node_modules\yarn\bin\yarn.js

PATH: 
  C:\WINDOWS\system32;C:\WINDOWS;C:\WINDOWS\System32\Wbem;C:\WINDOWS\System32\WindowsPowerShell\v1.0\;C:\WINDOWS\System32\OpenSSH\;C:\Program Files\Git\cmd;%NVM_HOME%;%NVM_SYMLINK%;C:\ProgramData\chocolatey\bin;C:\Users\danie\AppData\Local\Microsoft\WindowsApps;C:\Users\danie\AppData\Local\Programs\Microsoft VS Code\bin;C:\Users\danie\AppData\Local\GitHubDesktop\bin;C:\Users\danie\AppData\Roaming\nvm;C:\Program Files\nodejs

Yarn version: 
  1.22.10

Node version: 
  14.16.0

Platform: 
  win32 x64

Trace: 
  SyntaxError: D:\Repos\My_Repos\Frontline\package.json: Unexpected token } in JSON at position 929
      at JSON.parse (<anonymous>)
      at C:\Users\danie\AppData\Roaming\nvm\v14.16.0\node_modules\yarn\lib\cli.js:1625:59
      at Generator.next (<anonymous>)
      at step (C:\Users\danie\AppData\Roaming\nvm\v14.16.0\node_modules\yarn\lib\cli.js:310:30)
      at C:\Users\danie\AppData\Roaming\nvm\v14.16.0\node_modules\yarn\lib\cli.js:321:13

npm manifest: 
  {
  	"sideEffects": false,
  	"scripts": {
  		"start": "webpack serve"
  	},
  	"dependencies": {
  		"@firebase/app-types": "^0.6.1",
  		"@firebase/firestore-types": "^1.12.0",
  		"@types/react": "^16.9.44",
  		"@types/react-dom": "^16.9.8",
  		"clean-webpack-plugin": "^3.0.0",
  		"copy-webpack-plugin": "^6.1.1",
  		"css-loader": "^4.2.1",
  		"file-loader": "^6.1.0",
  		"firebase": "^7.17.2",
  		"firestore": "^1.1.6",
  		"html-webpack-plugin": "^4.3.0",
  		"node-sass": "^6.0.0",
  		"react": "^16.13.1",
  		"react-dom": "^16.13.1",
  		"react-web-component": "^2.0.1",
  		"sass": "^1.26.10",
  		"sass-loader": "^9.0.3",
  		"style-loader": "^1.2.1",
      "awesome-typescript-loader": "^5.2.1",
  		"ts-node": "^8.10.2",
  		"typescript": "^3.9.7",
  		"webpack": "^4.44.1",
  		"webpack-cli": "^3.3.12",
  		"webpack-dev-server": "^3.11.0",
  		"webpack-pwa-manifest": "^4.2.0",
      "react-hot-loader": "^4.13.0",
      "react-redux": "^7.2.2",
      "redux": "^4.0.5",
  	}
  }

yarn manifest: 
  No manifest

Lockfile: 
  No lockfile
